<?xml version="1.0" encoding="UTF-8"?>
<!-- Generated by org.testng.reporters.JUnitReportReporter -->
<testsuite skipped="0" hostname="PC13" name="com.smartfactory.testcase.NewTest" tests="1" failures="0" timestamp="31 Jul 2017 13:22:38 GMT" time="2.541" errors="0">
  <testcase name="loginToApplication" time="2.541" classname="com.smartfactory.testcase.NewTest"/>
</testsuite> <!-- com.smartfactory.testcase.NewTest -->
